Build started 9/21/2014 8:02:30 PM.
     1>Project "C:\Users\Brad\Desktop\CS451\cs451_pa2_part2_Segobiano\vc_files\ffd.vcxproj" on node 2 (Build target(s)).
     1>ClCompile:
         C:\Program Files (x86)\Microsoft Visual Studio 12.0\VC\bin\CL.exe /c /I.. /I../mathtool /I../modelgraph /I../GL /AI"C:\Program Files (x86)\Reference Assemblies\Microsoft\Framework\.NETFramework\v4.0" /AI"C:\Program Files (x86)\Windows Kits\8.1\References\CommonConfiguration\Neutral" /Zi /clr /nologo /W3 /WX- /Od /Oy- /D FREEGLUT_STATIC /D WIN32 /D _DEBUG /D _CRT_SECURE_NO_DEPRECATE /D _VC80_UPGRADE=0x0710 /D _MBCS /Gm- /EHa /MDd /GS /fp:precise /Zc:wchar_t /Zc:forScope /Fo"Debug\\" /Fd"Debug\vc120.pdb" /TP /FU"C:\Program Files (x86)\Reference Assemblies\Microsoft\Framework\.NETFramework\v4.0\mscorlib.dll" /analyze- /errorReport:prompt /clr:nostdlib ..\mathtool\Basic.cpp ..\GL\gli.cpp ..\main.cpp ..\mathtool\Quaternion.cpp ..\model.cpp ..\modelgraph\ModelEdge.cpp ..\modelgraph\ModelGraph.cpp ..\modelgraph\ModelNode.cpp
         Basic.cpp
         gli.cpp
         main.cpp
     1>c:\users\brad\desktop\cs451\cs451_pa2_part2_segobiano\main.h(155): warning C4018: '<' : signed/unsigned mismatch
     1>c:\users\brad\desktop\cs451\cs451_pa2_part2_segobiano\main.h(158): warning C4018: '<' : signed/unsigned mismatch
     1>c:\users\brad\desktop\cs451\cs451_pa2_part2_segobiano\main.h(161): warning C4018: '<' : signed/unsigned mismatch
     1>c:\users\brad\desktop\cs451\cs451_pa2_part2_segobiano\main.h(224): warning C4018: '<' : signed/unsigned mismatch
     1>c:\users\brad\desktop\cs451\cs451_pa2_part2_segobiano\main.h(225): warning C4018: '<' : signed/unsigned mismatch
     1>c:\users\brad\desktop\cs451\cs451_pa2_part2_segobiano\main.h(226): warning C4018: '<' : signed/unsigned mismatch
     1>c:\users\brad\desktop\cs451\cs451_pa2_part2_segobiano\main.h(214): warning C4101: 'pc' : unreferenced local variable
     1>C:\Users\Brad\Desktop\CS451\cs451_pa2_part2_Segobiano\draw.h(58): warning C4018: '<' : signed/unsigned mismatch
     1>C:\Users\Brad\Desktop\CS451\cs451_pa2_part2_Segobiano\draw.h(59): warning C4018: '<' : signed/unsigned mismatch
     1>C:\Users\Brad\Desktop\CS451\cs451_pa2_part2_Segobiano\draw.h(60): warning C4018: '<' : signed/unsigned mismatch
     1>C:\Users\Brad\Desktop\CS451\cs451_pa2_part2_Segobiano\draw.h(66): warning C4244: 'argument' : conversion from 'double' to 'GLfloat', possible loss of data
     1>C:\Users\Brad\Desktop\CS451\cs451_pa2_part2_Segobiano\draw.h(75): warning C4305: 'argument' : truncation from 'double' to 'GLfloat'
     1>C:\Users\Brad\Desktop\CS451\cs451_pa2_part2_Segobiano\draw.h(76): warning C4244: 'argument' : conversion from 'double' to 'GLfloat', possible loss of data
     1>C:\Users\Brad\Desktop\CS451\cs451_pa2_part2_Segobiano\draw.h(83): warning C4244: 'argument' : conversion from 'double' to 'GLfloat', possible loss of data
     1>C:\Users\Brad\Desktop\CS451\cs451_pa2_part2_Segobiano\draw.h(84): warning C4244: 'argument' : conversion from 'double' to 'GLfloat', possible loss of data
     1>C:\Users\Brad\Desktop\CS451\cs451_pa2_part2_Segobiano\draw.h(87): warning C4244: 'argument' : conversion from 'double' to 'GLfloat', possible loss of data
     1>C:\Users\Brad\Desktop\CS451\cs451_pa2_part2_Segobiano\draw.h(88): warning C4244: 'argument' : conversion from 'double' to 'GLfloat', possible loss of data
     1>C:\Users\Brad\Desktop\CS451\cs451_pa2_part2_Segobiano\draw.h(91): warning C4244: 'argument' : conversion from 'double' to 'GLfloat', possible loss of data
     1>C:\Users\Brad\Desktop\CS451\cs451_pa2_part2_Segobiano\draw.h(92): warning C4244: 'argument' : conversion from 'double' to 'GLfloat', possible loss of data
     1>C:\Users\Brad\Desktop\CS451\cs451_pa2_part2_Segobiano\draw.h(307): warning C4018: '<' : signed/unsigned mismatch
     1>C:\Users\Brad\Desktop\CS451\cs451_pa2_part2_Segobiano\draw.h(308): warning C4018: '<' : signed/unsigned mismatch
     1>C:\Users\Brad\Desktop\CS451\cs451_pa2_part2_Segobiano\draw.h(309): warning C4018: '<' : signed/unsigned mismatch
     1>C:\Users\Brad\Desktop\CS451\cs451_pa2_part2_Segobiano\draw.h(363): warning C4018: '<' : signed/unsigned mismatch
     1>C:\Users\Brad\Desktop\CS451\cs451_pa2_part2_Segobiano\draw.h(373): warning C4018: '<' : signed/unsigned mismatch
     1>C:\Users\Brad\Desktop\CS451\cs451_pa2_part2_Segobiano\draw.h(374): warning C4018: '<' : signed/unsigned mismatch
     1>C:\Users\Brad\Desktop\CS451\cs451_pa2_part2_Segobiano\draw.h(375): warning C4018: '<' : signed/unsigned mismatch
         Quaternion.cpp
         model.cpp
         ModelEdge.cpp
         ModelGraph.cpp
         ModelNode.cpp
         Generating Code...
       Link:
         C:\Program Files (x86)\Microsoft Visual Studio 12.0\VC\bin\link.exe /ERRORREPORT:PROMPT /OUT:"C:\Users\Brad\Desktop\CS451\cs451_pa2_part2_Segobiano\vc_files\Debug\ffd.exe" /INCREMENTAL /NOLOGO /LIBPATH:../lib freeglut_static.lib glu32.lib opengl32.lib kernel32.lib user32.lib gdi32.lib winspool.lib comdlg32.lib advapi32.lib shell32.lib ole32.lib oleaut32.lib uuid.lib odbc32.lib odbccp32.lib /MANIFEST /MANIFESTUAC:"level='asInvoker' uiAccess='false'" /manifest:embed /DEBUG /PDB:"C:\Users\Brad\Desktop\CS451\cs451_pa2_part2_Segobiano\vc_files\Debug\ffd.pdb" /ASSEMBLYDEBUG /TLBID:1 /DYNAMICBASE /FIXED:NO /NXCOMPAT /MACHINE:X86 /SAFESEH Debug\Basic.obj
         Debug\gli.obj
         Debug\main.obj
         Debug\Quaternion.obj
         Debug\model.obj
         Debug\ModelEdge.obj
         Debug\ModelGraph.obj
         Debug\ModelNode.obj
         "Debug\.NETFramework,Version=v4.0.AssemblyAttributes.obj"
     1>freeglut_static.lib(freeglut_display.obj) : warning LNK4075: ignoring '/EDITANDCONTINUE' due to '/OPT:LBR' specification
     1>freeglut_static.lib(freeglut_callbacks.obj) : warning LNK4099: PDB 'vc90.pdb' was not found with 'freeglut_static.lib(freeglut_callbacks.obj)' or at 'C:\Users\Brad\Desktop\CS451\cs451_pa2_part2_Segobiano\vc_files\Debug\vc90.pdb'; linking object as if no debug info
     1>freeglut_static.lib(freeglut_cursor.obj) : warning LNK4099: PDB 'vc90.pdb' was not found with 'freeglut_static.lib(freeglut_cursor.obj)' or at 'C:\Users\Brad\Desktop\CS451\cs451_pa2_part2_Segobiano\vc_files\Debug\vc90.pdb'; linking object as if no debug info
     1>freeglut_static.lib(freeglut_display.obj) : warning LNK4099: PDB 'vc90.pdb' was not found with 'freeglut_static.lib(freeglut_display.obj)' or at 'C:\Users\Brad\Desktop\CS451\cs451_pa2_part2_Segobiano\vc_files\Debug\vc90.pdb'; linking object as if no debug info
     1>freeglut_static.lib(freeglut_font.obj) : warning LNK4099: PDB 'vc90.pdb' was not found with 'freeglut_static.lib(freeglut_font.obj)' or at 'C:\Users\Brad\Desktop\CS451\cs451_pa2_part2_Segobiano\vc_files\Debug\vc90.pdb'; linking object as if no debug info
     1>freeglut_static.lib(freeglut_font_data.obj) : warning LNK4099: PDB 'vc90.pdb' was not found with 'freeglut_static.lib(freeglut_font_data.obj)' or at 'C:\Users\Brad\Desktop\CS451\cs451_pa2_part2_Segobiano\vc_files\Debug\vc90.pdb'; linking object as if no debug info
     1>freeglut_static.lib(freeglut_init.obj) : warning LNK4099: PDB 'vc90.pdb' was not found with 'freeglut_static.lib(freeglut_init.obj)' or at 'C:\Users\Brad\Desktop\CS451\cs451_pa2_part2_Segobiano\vc_files\Debug\vc90.pdb'; linking object as if no debug info
     1>freeglut_static.lib(freeglut_input_devices.obj) : warning LNK4099: PDB 'vc90.pdb' was not found with 'freeglut_static.lib(freeglut_input_devices.obj)' or at 'C:\Users\Brad\Desktop\CS451\cs451_pa2_part2_Segobiano\vc_files\Debug\vc90.pdb'; linking object as if no debug info
     1>freeglut_static.lib(freeglut_joystick.obj) : warning LNK4099: PDB 'vc90.pdb' was not found with 'freeglut_static.lib(freeglut_joystick.obj)' or at 'C:\Users\Brad\Desktop\CS451\cs451_pa2_part2_Segobiano\vc_files\Debug\vc90.pdb'; linking object as if no debug info
     1>freeglut_static.lib(freeglut_main.obj) : warning LNK4099: PDB 'vc90.pdb' was not found with 'freeglut_static.lib(freeglut_main.obj)' or at 'C:\Users\Brad\Desktop\CS451\cs451_pa2_part2_Segobiano\vc_files\Debug\vc90.pdb'; linking object as if no debug info
     1>freeglut_static.lib(freeglut_menu.obj) : warning LNK4099: PDB 'vc90.pdb' was not found with 'freeglut_static.lib(freeglut_menu.obj)' or at 'C:\Users\Brad\Desktop\CS451\cs451_pa2_part2_Segobiano\vc_files\Debug\vc90.pdb'; linking object as if no debug info
     1>freeglut_static.lib(freeglut_spaceball.obj) : warning LNK4099: PDB 'vc90.pdb' was not found with 'freeglut_static.lib(freeglut_spaceball.obj)' or at 'C:\Users\Brad\Desktop\CS451\cs451_pa2_part2_Segobiano\vc_files\Debug\vc90.pdb'; linking object as if no debug info
     1>freeglut_static.lib(freeglut_state.obj) : warning LNK4099: PDB 'vc90.pdb' was not found with 'freeglut_static.lib(freeglut_state.obj)' or at 'C:\Users\Brad\Desktop\CS451\cs451_pa2_part2_Segobiano\vc_files\Debug\vc90.pdb'; linking object as if no debug info
     1>freeglut_static.lib(freeglut_stroke_mono_roman.obj) : warning LNK4099: PDB 'vc90.pdb' was not found with 'freeglut_static.lib(freeglut_stroke_mono_roman.obj)' or at 'C:\Users\Brad\Desktop\CS451\cs451_pa2_part2_Segobiano\vc_files\Debug\vc90.pdb'; linking object as if no debug info
     1>freeglut_static.lib(freeglut_stroke_roman.obj) : warning LNK4099: PDB 'vc90.pdb' was not found with 'freeglut_static.lib(freeglut_stroke_roman.obj)' or at 'C:\Users\Brad\Desktop\CS451\cs451_pa2_part2_Segobiano\vc_files\Debug\vc90.pdb'; linking object as if no debug info
     1>freeglut_static.lib(freeglut_structure.obj) : warning LNK4099: PDB 'vc90.pdb' was not found with 'freeglut_static.lib(freeglut_structure.obj)' or at 'C:\Users\Brad\Desktop\CS451\cs451_pa2_part2_Segobiano\vc_files\Debug\vc90.pdb'; linking object as if no debug info
     1>freeglut_static.lib(freeglut_window.obj) : warning LNK4099: PDB 'vc90.pdb' was not found with 'freeglut_static.lib(freeglut_window.obj)' or at 'C:\Users\Brad\Desktop\CS451\cs451_pa2_part2_Segobiano\vc_files\Debug\vc90.pdb'; linking object as if no debug info
         ffd.vcxproj -> C:\Users\Brad\Desktop\CS451\cs451_pa2_part2_Segobiano\vc_files\Debug\ffd.exe
     1>Done Building Project "C:\Users\Brad\Desktop\CS451\cs451_pa2_part2_Segobiano\vc_files\ffd.vcxproj" (Build target(s)).

Build succeeded.

Time Elapsed 00:00:19.55
